<?xml version="1.0" encoding="UTF-8"?>
<!-- Generated by org.testng.reporters.JUnitReportReporter -->
<testsuite hostname="Krishnakumar" failures="0" tests="1" name="com.frames.Browser" time="13.944" errors="0" timestamp="2025-06-03T13:35:07 IST" skipped="0">
  <testcase classname="com.frames.Browser" name="browser" time="13.944"/>
</testsuite> <!-- com.frames.Browser -->
