<?xml version="1.0" encoding="UTF-8"?>
<!-- Generated by org.testng.reporters.JUnitReportReporter -->
<testsuite hostname="Krishnakumar" failures="0" tests="1" name="com.frames.Screenshot" time="3.374" errors="0" timestamp="2025-05-29T09:54:09 IST" skipped="0">
  <testcase classname="com.frames.Screenshot" name="Browser" time="3.374"/>
</testsuite> <!-- com.frames.Screenshot -->
